[INFO] Scanning for projects...
[INFO] 
[INFO] ------------------------------------------------------------------------
[INFO] Building Cloud Starter Bible 2.0.3-SNAPSHOT
[INFO] ------------------------------------------------------------------------
[INFO] 
[INFO] --- maven-dependency-plugin:3.0.2:tree (default-cli) @ cloud-starter-bible ---
[INFO] com.minlia.cloud.starter:cloud-starter-bible:jar:2.0.3-SNAPSHOT
[INFO] +- org.springframework.boot:spring-boot-starter-web:jar:2.0.3.RELEASE:compile
[INFO] |  +- org.springframework.boot:spring-boot-starter:jar:2.0.3.RELEASE:compile
[INFO] |  |  +- org.springframework.boot:spring-boot:jar:2.0.3.RELEASE:compile
[INFO] |  |  +- org.springframework.boot:spring-boot-autoconfigure:jar:2.0.3.RELEASE:compile
[INFO] |  |  +- org.springframework.boot:spring-boot-starter-logging:jar:2.0.3.RELEASE:compile
[INFO] |  |  |  +- ch.qos.logback:logback-classic:jar:1.2.3:compile
[INFO] |  |  |  |  \- ch.qos.logback:logback-core:jar:1.2.3:compile
[INFO] |  |  |  +- org.apache.logging.log4j:log4j-to-slf4j:jar:2.10.0:compile
[INFO] |  |  |  |  \- org.apache.logging.log4j:log4j-api:jar:2.10.0:compile
[INFO] |  |  |  \- org.slf4j:jul-to-slf4j:jar:1.7.25:compile
[INFO] |  |  +- javax.annotation:javax.annotation-api:jar:1.3.2:compile
[INFO] |  |  \- org.yaml:snakeyaml:jar:1.19:runtime
[INFO] |  +- org.springframework.boot:spring-boot-starter-json:jar:2.0.3.RELEASE:compile
[INFO] |  |  +- com.fasterxml.jackson.datatype:jackson-datatype-jdk8:jar:2.9.6:compile
[INFO] |  |  +- com.fasterxml.jackson.datatype:jackson-datatype-jsr310:jar:2.9.6:compile
[INFO] |  |  \- com.fasterxml.jackson.module:jackson-module-parameter-names:jar:2.9.6:compile
[INFO] |  +- org.hibernate.validator:hibernate-validator:jar:6.0.10.Final:compile
[INFO] |  |  +- org.jboss.logging:jboss-logging:jar:3.3.2.Final:compile
[INFO] |  |  \- com.fasterxml:classmate:jar:1.3.4:compile
[INFO] |  +- org.springframework:spring-web:jar:5.0.7.RELEASE:compile
[INFO] |  |  \- org.springframework:spring-beans:jar:5.0.7.RELEASE:compile
[INFO] |  \- org.springframework:spring-webmvc:jar:5.0.7.RELEASE:compile
[INFO] |     +- org.springframework:spring-context:jar:5.0.7.RELEASE:compile
[INFO] |     \- org.springframework:spring-expression:jar:5.0.7.RELEASE:compile
[INFO] +- org.springframework.boot:spring-boot-starter-test:jar:2.0.3.RELEASE:test
[INFO] |  +- org.springframework.boot:spring-boot-test:jar:2.0.3.RELEASE:test
[INFO] |  +- org.springframework.boot:spring-boot-test-autoconfigure:jar:2.0.3.RELEASE:test
[INFO] |  +- com.jayway.jsonpath:json-path:jar:2.4.0:test
[INFO] |  |  \- net.minidev:json-smart:jar:2.3:test
[INFO] |  |     \- net.minidev:accessors-smart:jar:1.2:test
[INFO] |  |        \- org.ow2.asm:asm:jar:5.0.4:test
[INFO] |  +- junit:junit:jar:4.12:test
[INFO] |  +- org.assertj:assertj-core:jar:3.9.1:test
[INFO] |  +- org.mockito:mockito-core:jar:2.15.0:test
[INFO] |  |  +- net.bytebuddy:byte-buddy:jar:1.7.11:test
[INFO] |  |  \- net.bytebuddy:byte-buddy-agent:jar:1.7.11:test
[INFO] |  +- org.hamcrest:hamcrest-core:jar:1.3:test
[INFO] |  +- org.hamcrest:hamcrest-library:jar:1.3:test
[INFO] |  +- org.skyscreamer:jsonassert:jar:1.5.0:test
[INFO] |  |  \- com.vaadin.external.google:android-json:jar:0.0.20131108.vaadin1:test
[INFO] |  +- org.springframework:spring-core:jar:5.0.7.RELEASE:compile
[INFO] |  |  \- org.springframework:spring-jcl:jar:5.0.7.RELEASE:compile
[INFO] |  +- org.springframework:spring-test:jar:5.0.7.RELEASE:test
[INFO] |  \- org.xmlunit:xmlunit-core:jar:2.5.1:test
[INFO] +- org.projectlombok:lombok:jar:1.16.18:compile (optional) 
[INFO] +- org.apache.commons:commons-lang3:jar:3.7:compile (optional) 
[INFO] +- org.springframework.boot:spring-boot-starter-security:jar:2.0.3.RELEASE:compile (optional) 
[INFO] |  +- org.springframework:spring-aop:jar:5.0.7.RELEASE:compile
[INFO] |  +- org.springframework.security:spring-security-config:jar:5.0.6.RELEASE:compile (optional) 
[INFO] |  |  \- org.springframework.security:spring-security-core:jar:5.0.6.RELEASE:compile (optional) 
[INFO] |  \- org.springframework.security:spring-security-web:jar:5.0.6.RELEASE:compile (optional) 
[INFO] +- org.springframework.boot:spring-boot-starter-jdbc:jar:2.0.3.RELEASE:compile (optional) 
[INFO] |  +- com.zaxxer:HikariCP:jar:2.7.9:compile (optional) 
[INFO] |  \- org.springframework:spring-jdbc:jar:5.0.7.RELEASE:compile
[INFO] |     \- org.springframework:spring-tx:jar:5.0.7.RELEASE:compile
[INFO] +- org.springframework.boot:spring-boot-starter-data-jpa:jar:2.0.3.RELEASE:compile
[INFO] |  +- org.springframework.boot:spring-boot-starter-aop:jar:2.0.3.RELEASE:compile
[INFO] |  |  \- org.aspectj:aspectjweaver:jar:1.8.13:compile
[INFO] |  +- org.hibernate:hibernate-core:jar:5.2.17.Final:compile
[INFO] |  |  +- org.hibernate.javax.persistence:hibernate-jpa-2.1-api:jar:1.0.2.Final:compile
[INFO] |  |  +- org.javassist:javassist:jar:3.22.0-GA:compile
[INFO] |  |  +- antlr:antlr:jar:2.7.7:compile
[INFO] |  |  +- org.jboss:jandex:jar:2.0.3.Final:compile
[INFO] |  |  +- dom4j:dom4j:jar:1.6.1:compile
[INFO] |  |  \- org.hibernate.common:hibernate-commons-annotations:jar:5.0.1.Final:compile
[INFO] |  +- javax.transaction:javax.transaction-api:jar:1.2:compile
[INFO] |  +- org.springframework.data:spring-data-jpa:jar:2.0.8.RELEASE:compile
[INFO] |  |  +- org.springframework.data:spring-data-commons:jar:2.0.8.RELEASE:compile
[INFO] |  |  \- org.springframework:spring-orm:jar:5.0.7.RELEASE:compile
[INFO] |  \- org.springframework:spring-aspects:jar:5.0.7.RELEASE:compile
[INFO] +- io.swagger:swagger-annotations:jar:1.5.13:compile (optional) 
[INFO] +- javax.servlet:javax.servlet-api:jar:3.1.0:provided
[INFO] +- org.springframework.boot:spring-boot-configuration-processor:jar:2.0.3.RELEASE:compile (optional) 
[INFO] +- com.minlia.cloud.starter:cloud-starter-stateful:jar:2.0.2-SNAPSHOT:compile
[INFO] |  +- com.fasterxml.jackson.core:jackson-annotations:jar:2.9.0:compile
[INFO] |  +- com.fasterxml.jackson.core:jackson-databind:jar:2.9.6:compile
[INFO] |  |  \- com.fasterxml.jackson.core:jackson-core:jar:2.9.6:compile
[INFO] |  +- org.antlr:antlr4-runtime:jar:4.7:compile
[INFO] |  +- com.github.bohnman:squiggly-filter-jackson:jar:1.3.9:compile
[INFO] |  |  \- com.google.guava:guava:jar:19.0:compile
[INFO] |  +- com.google.code.gson:gson:jar:2.8.5:compile
[INFO] |  +- com.alibaba:fastjson:jar:1.2.46:compile
[INFO] |  \- org.apache.commons:commons-collections4:jar:4.1:compile
[INFO] +- com.minlia.cloud.starter:cloud-starter-pretend:jar:2.0.3-SNAPSHOT:compile
[INFO] +- com.minlia.cloud.starter:cloud-starter-data:jar:2.0.3-SNAPSHOT:compile
[INFO] |  +- cn.hutool:hutool-all:jar:4.0.5:compile
[INFO] |  \- com.baomidou:mybatis-plus-boot-starter:jar:2.3:compile
[INFO] |     \- com.baomidou:mybatis-plus:jar:2.3:compile
[INFO] |        +- com.baomidou:mybatis-plus-support:jar:2.3:compile
[INFO] |        +- com.baomidou:mybatis-plus-core:jar:2.3:compile
[INFO] |        |  +- com.github.jsqlparser:jsqlparser:jar:1.1:compile
[INFO] |        |  +- org.mybatis:mybatis-spring:jar:1.3.2:compile
[INFO] |        |  \- org.mybatis:mybatis:jar:3.4.6:compile
[INFO] |        \- com.baomidou:mybatis-plus-generate:jar:2.3:compile
[INFO] +- com.minlia.cloud.starter:cloud-starter-loggable:jar:2.0.3-SNAPSHOT:compile
[INFO] |  \- aopalliance:aopalliance:jar:1.0:compile
[INFO] +- uk.co.jemos.podam:podam:jar:7.0.0.RELEASE:compile
[INFO] |  +- net.jcip:jcip-annotations:jar:1.0:compile
[INFO] |  +- org.slf4j:slf4j-api:jar:1.7.25:compile
[INFO] |  +- javax.annotation:jsr250-api:jar:1.0:compile
[INFO] |  \- javax.validation:validation-api:jar:2.0.1.Final:compile
[INFO] +- io.github.benas:random-beans:jar:3.3.0:compile
[INFO] |  +- org.objenesis:objenesis:jar:2.4:compile
[INFO] |  \- io.github.lukehutch:fast-classpath-scanner:jar:2.0.3:compile
[INFO] +- commons-beanutils:commons-beanutils:jar:1.9.3:compile
[INFO] |  +- commons-logging:commons-logging:jar:1.2:compile
[INFO] |  \- commons-collections:commons-collections:jar:3.2.2:compile
[INFO] +- eu.infomas:annotation-detector:jar:3.0.5:compile
[INFO] \- org.atteo.classindex:classindex:jar:3.4:compile
[INFO] ------------------------------------------------------------------------
[INFO] BUILD SUCCESS
[INFO] ------------------------------------------------------------------------
[INFO] Total time: 4.524 s
[INFO] Finished at: 2018-07-06T01:48:58+08:00
[INFO] Final Memory: 27M/309M
[INFO] ------------------------------------------------------------------------
